2015-01-25 04:58:59	湖北	24161010220097026928	603.43
2015-01-17 13:43:06	山东	42422402656113053824	327.95
2015-01-12 08:15:58	江苏	64951386600336086457	647.55
2015-01-15 16:52:24	贵州	36495639647086452073	119.20
2015-01-05 18:17:36	山东	47026818054162399542	748.17
2015-01-15 09:58:27	西藏	25299664796208617721	446.77
2015-01-02 16:36:39	陕西	34143609866131614136	361.25
2015-01-17 19:10:56	湖南	53725682546965026178	896.24
2015-01-09 20:45:35	广西	20243175880019192418	261.06
2015-01-02 03:07:32	四川	22020296247794080625	148.12
2015-01-12 04:48:26	澳门	43650281086543648444	650.68
2015-01-05 19:00:49	澳门	38297153952585955998	571.58
2015-01-09 02:04:46	黑龙江	92682577738357902777	562.03
2015-01-10 09:33:09	贵州	48473794670835751760	589.78
2015-01-21 09:55:15	广西	54221886725513906033	387.86
2015-01-24 06:32:53	陕西	65378836216099656706	166.81
2015-01-13 12:57:35	福建	38859455875736629734	102.85
2015-01-11 01:33:08	云南	95562247461013489253	175.94
2015-01-17 21:00:28	湖北	93767009606438587535	405.97
2015-01-19 10:41:25	贵州	98933351584367885887	178.54
2015-01-26 00:06:45	天津	81533709222426012973	933.02
2015-01-10 01:08:06	宁夏	42493259406613266270	302.82
2015-01-13 03:44:18	陕西	39971224715410844929	935.54
2015-01-10 20:41:22	云南	18063616156563986837	679.90
2015-01-23 21:59:56	浙江	52386866255066513420	198.06
2015-01-07 01:34:13	云南	48556260000921425402	831.45
2015-01-11 03:48:04	西藏	46047937099912789108	133.36
2015-01-17 15:57:58	江苏	64486039222067021521	869.81
2015-01-29 21:04:43	澳门	34847309542093473960	239.46
2015-01-24 06:47:20	云南	43341791051541018348	704.71
2015-01-28 13:25:47	福建	92425806201420742279	559.86
2015-01-17 18:38:41	山东	99344818073529577427	54.59
2015-01-29 14:54:02	山东	58890521281699972475	60.37
2015-01-13 09:39:03	新疆	40196046043931564523	343.25
2015-01-30 05:12:04	浙江	23218269277585702378	920.30
2015-01-04 15:11:43	江苏	30588049512618857005	562.36
2015-01-26 11:51:49	河北	70560722979368032903	689.28
2015-01-27 05:44:01	海南	86600702496437468083	113.06
2015-01-05 07:07:53	湖北	64301415541013151288	30.13
2015-01-18 10:55:21	江西	34947346187568646308	798.51
2015-01-01 04:07:51	江苏	11142029452430531373	788.06
2015-01-16 23:23:54	北京	10182675704263853246	94.90
2015-01-08 22:32:26	山西	58969993257649875495	800.93
2015-01-03 22:19:33	宁夏	43498148863553087318	27.08
2015-01-06 02:26:32	青海	31220483068374419077	722.31
2015-01-30 17:15:31	辽宁	64857755742919864493	647.17
2015-01-13 04:58:18	河南	61801177266232920110	269.43
2015-01-16 23:12:01	山东	20104637829913942754	957.27
2015-01-05 21:19:37	西藏	21816094688511454267	160.97
2015-01-27 16:37:27	湖北	23204757348943986388	381.93
2015-01-17 11:32:38	山西	90390218480908524292	92.10
2015-01-14 15:00:29	浙江	37474492740274321129	718.13
2015-01-10 04:02:20	广西	18385354293691022514	985.38
2015-01-02 02:13:08	上海	88377072383924217411	614.93
2015-01-17 20:26:21	浙江	18706232689870781579	6.18
2015-01-13 20:31:09	广东	17606467087503810727	63.07
2015-01-24 13:08:13	甘肃	91730316657439388546	463.60
2015-01-04 19:32:47	浙江	89080502255907625495	961.75
2015-01-23 08:16:22	云南	43862763428046033996	509.49
2015-01-26 23:55:54	福建	97372955897339603149	865.14
2015-01-10 08:40:17	辽宁	66171825215157783764	375.79
2015-01-14 01:42:15	山西	32897638280542818477	441.56
2015-01-07 09:41:27	山西	36492826206117514699	940.33
2015-01-14 18:06:33	天津	35427602733545030569	985.84
2015-01-14 02:22:35	山西	62007958907856291325	19.62
2015-01-02 09:33:34	甘肃	33427596715395862342	97.47
2015-01-12 14:43:08	青海	65329914140497134571	733.64
2015-01-04 23:30:04	新疆	38094046146158734454	604.08
2015-01-17 19:48:48	安徽	25532993336612986350	904.70
2015-01-24 09:02:59	西藏	13026809150467233403	537.21
2015-01-13 13:09:25	新疆	73079437338710473633	66.56
2015-01-21 00:49:51	青海	29474588229819190817	542.73
2015-01-07 12:21:53	四川	80130036540239046158	474.24
2015-01-05 01:12:16	广西	51050259305581798118	707.81
2015-01-19 07:21:52	甘肃	33929873165399934900	395.91
2015-01-17 09:24:42	江西	91480342252709000972	524.31
2015-01-15 01:26:34	重庆	34324237639638125391	152.48
2015-01-05 22:12:02	吉林	24189778162731853437	633.20
2015-01-11 08:14:38	四川	14193740916740049701	271.85
2015-01-10 03:22:31	山东	35829335173641564949	545.89
2015-01-21 14:26:35	安徽	22271885237429241628	412.86
2015-01-10 08:57:01	山东	34234317607514420273	489.10
2015-01-11 18:43:46	四川	30285851309216901539	265.73
2015-01-24 07:20:14	重庆	32637955791301858004	177.63
2015-01-21 06:48:40	天津	25020178993036726101	116.53
2015-01-07 23:44:19	青海	30486820173449912528	946.71
2015-01-30 00:29:47	山西	88703326404974720392	629.20
2015-01-11 22:34:45	宁夏	51757331235482605657	948.06
2015-01-16 13:03:58	江苏	59509599803679888277	402.52
2015-01-25 18:39:00	贵州	43682596503334663024	100.64
2015-01-04 08:41:00	云南	23725726108919191412	577.27
2015-01-26 23:17:17	甘肃	86472213715621673450	177.50
2015-01-14 13:29:06	辽宁	61419683734896383598	790.38
2015-01-28 23:55:17	黑龙江	72145885577654229177	976.99
2015-01-27 21:54:30	贵州	36200234602407304352	236.94
2015-01-23 21:00:19	安徽	35803728390449019298	758.41
2015-01-16 04:32:21	江西	55738724175081033306	321.76
2015-01-04 03:12:48	浙江	13763775090106268389	310.99
2015-01-12 08:36:52	宁夏	16299386574826809613	977.87
2015-01-11 13:35:31	贵州	97319732471879833471	444.94
2015-01-13 23:55:47	宁夏	14175688901486789013	125.07
2015-01-22 07:45:31	宁夏	49149611645949749873	740.53
2015-01-20 18:59:25	黑龙江	93548775902217398855	828.81
2015-01-19 23:38:04	山东	91581258482005942329	101.66
2015-01-26 06:02:56	重庆	92863106485001916512	239.88
2015-01-26 20:35:45	上海	55077615566301273679	271.74
2015-01-02 10:43:28	河北	79851052128140541290	563.65
2015-01-05 17:48:39	宁夏	67486619086596239040	233.10
2015-01-24 14:34:39	海南	52819403647870923246	229.65
2015-01-29 03:52:51	西藏	44578288555483907560	730.52
2015-01-29 05:26:16	北京	55475889951706322448	146.82
2015-01-28 00:40:07	青海	86237485160254727562	282.25
2015-01-17 06:21:25	西藏	72361888433890123564	509.40
2015-01-09 21:08:37	湖南	90041558895391497317	716.40
2015-01-08 09:14:06	辽宁	18807299509420203619	65.60
2015-01-14 13:51:49	新疆	58352685790723719258	439.64
2015-01-30 03:01:37	广西	67838118799469948856	499.54
2015-01-21 12:33:03	江苏	94859587679968299720	761.26
2015-01-12 05:33:38	福建	12844303455394937906	587.23
2015-01-07 20:11:51	山东	61381465421919942507	180.69
2015-01-27 14:50:03	上海	83525914370156109634	716.38
2015-01-28 20:34:32	西藏	37538937824850494272	436.04
2015-01-25 09:35:54	江西	28793383618860072651	497.28
2015-01-05 01:15:39	湖南	58247241820668877192	150.98
2015-01-13 11:08:46	安徽	41120600062134239859	879.08
2015-01-20 12:53:15	甘肃	51052913027880321646	348.14
2015-01-17 14:59:04	贵州	42444185557906657991	76.50
2015-01-08 22:33:57	河北	88798258544883587268	677.40
2015-01-22 12:28:53	内蒙古	60488827608383459007	73.13
2015-01-05 04:45:28	广东	60431993039889853192	185.19
2015-01-09 20:28:26	江西	89433788625351312652	416.83
2015-01-31 21:33:14	安徽	18288688133320112272	259.90
2015-01-29 01:31:30	广西	32861038268651921018	282.59
2015-01-25 18:00:00	黑龙江	91907177126915482312	982.68
2015-01-02 14:58:02	湖北	98568598675237639945	331.67
2015-01-17 17:15:07	广东	32169196040987550968	235.72
2015-01-02 16:59:14	山西	93690101085799004104	291.24
2015-01-28 06:36:07	广西	78926875145127283517	391.05
2015-01-17 00:55:38	青海	40722348868890083641	367.23
2015-01-03 10:13:32	海南	24267434715119871599	925.70
2015-01-16 22:27:50	陕西	19787744875949657156	393.29
2015-01-17 09:05:31	贵州	77673355406810078520	595.72
2015-01-22 15:38:40	北京	13666611579937883610	550.19
2015-01-13 05:22:51	重庆	36381990005636957884	163.73
2015-01-14 01:30:09	陕西	77607543956566196335	779.35
2015-01-22 18:20:26	安徽	99423033254401950949	703.64
2015-01-11 04:23:33	黑龙江	22438252209532317818	474.09
2015-01-28 12:49:38	山东	42368483131681110786	442.32
2015-01-29 07:58:36	吉林	26347311432626174096	195.87
2015-01-14 12:37:00	贵州	45912649649318116928	456.63
2015-01-27 22:45:31	重庆	80299672067632359352	452.80
2015-01-08 11:07:16	浙江	85912729786832805654	878.56
2015-01-15 08:28:23	广西	89480564291441571246	139.98
2015-01-10 03:33:01	广东	89364810725393579181	464.51
2015-01-13 16:34:20	广东	99631613536852930533	623.69
2015-01-20 06:17:35	宁夏	20185680828419556152	468.54
2015-01-14 15:33:38	河北	77589210645754783570	83.68
2015-01-17 07:21:48	澳门	83390484672936964542	488.07
2015-01-08 12:18:20	江苏	58442342138639145316	188.56
2015-01-05 11:41:03	浙江	49391711976180943847	110.50
2015-01-28 15:19:16	黑龙江	95363260306352448610	605.37
2015-01-10 17:24:00	江西	32958419848699489312	160.74
2015-01-17 12:05:26	青海	45834473450302951314	680.02
2015-01-14 13:44:53	西藏	99021324989679284025	539.69
2015-01-05 23:47:45	宁夏	43866494864488361511	255.07
2015-01-17 10:22:57	河南	59873313681634615406	662.71
2015-01-02 22:28:45	澳门	93455713877764578868	593.74
2015-01-08 07:11:35	福建	72207689658384269021	916.94
2015-01-04 17:29:23	安徽	98268791367756169694	192.63
2015-01-28 02:27:14	贵州	94279507026525176285	825.22
2015-01-09 08:49:33	陕西	27104762807125324061	787.92
2015-01-11 20:17:48	宁夏	95810930756475299936	842.16
2015-01-31 17:18:56	山东	14089484391137051893	261.43
2015-01-19 06:31:45	山西	48082172102429394452	3.29
2015-01-04 16:52:34	重庆	47730558492184321537	29.34
2015-01-06 09:12:42	上海	95629065364677545697	851.17
2015-01-22 10:33:17	天津	30638288591247916204	802.36
2015-01-16 08:54:55	贵州	99657229724151218205	201.49
2015-01-11 20:50:36	上海	58284914635955331350	874.16
2015-01-25 21:55:59	山西	32500247176144371111	795.55
2015-01-13 06:00:26	河北	92043404127773438757	298.77
2015-01-10 20:13:47	安徽	44945777895580712029	47.43
2015-01-12 20:02:55	辽宁	16108640815700619824	370.28
2015-01-13 13:10:28	广东	77705559757748776102	965.27
2015-01-10 14:48:26	湖北	30130869099098681311	56.89
2015-01-22 23:02:38	澳门	92582355618707372335	722.43
2015-01-11 08:02:22	广东	15017673860014700365	302.42
2015-01-27 05:03:39	福建	59844098576091704946	572.98
2015-01-15 15:02:48	宁夏	21987541722698668591	654.44
2015-01-31 13:14:10	河南	50176025471707609041	300.96
2015-01-17 02:39:57	江西	41544048204913914425	934.68
2015-01-02 02:25:10	陕西	76766135379598842569	184.55
2015-01-16 20:55:26	贵州	23526886548887868379	329.29
2015-01-31 12:40:15	内蒙古	67157279284349290022	515.21
2015-01-11 22:25:10	云南	96685030665210522014	843.17
2015-01-21 02:08:40	北京	75929253383108085688	591.69
2015-01-13 00:20:51	浙江	57449963038209913426	93.27
2015-01-07 17:58:44	海南	53325835202145755811	642.73
2015-01-12 12:08:15	重庆	68677047045764390195	566.02
2015-01-27 11:59:50	山东	77072981658132151262	168.26
2015-01-14 22:48:56	上海	57037190364218125291	600.73
2015-01-31 08:27:06	贵州	69724196318980020447	211.74
2015-01-09 03:59:10	湖北	67449919900022013113	889.34
2015-01-17 01:20:31	天津	11266435346918485150	681.20
2015-01-12 15:46:51	北京	79423980002515879321	567.54
2015-01-12 01:50:11	四川	85534277919721356266	456.41
2015-01-01 18:17:59	江苏	86163562985725056600	124.08
2015-01-09 20:35:45	吉林	63588080189255726949	650.21
2015-01-04 15:32:58	重庆	83497780145809291586	937.92
2015-01-27 11:24:05	陕西	44814927198630905308	525.38
2015-01-01 08:24:53	河南	34330092315433126960	263.69
2015-01-15 02:45:06	辽宁	37157057845652401150	812.24
2015-01-27 16:25:36	广东	72956376484257345618	676.66
2015-01-13 16:03:04	福建	77780456167194921044	153.49
2015-01-11 03:29:31	四川	25819018349947126269	617.44
2015-01-16 11:21:26	广东	55172582187575975618	231.21
2015-01-16 17:52:50	新疆	73250216874922963018	615.19
2015-01-19 21:08:07	陕西	91708361757611805130	638.05
2015-01-25 00:45:08	江苏	75006146293648317792	363.83
2015-01-09 05:57:57	青海	20317690568931161563	891.91
2015-01-20 04:33:53	重庆	16318117154361724843	321.89
2015-01-09 09:39:41	澳门	98302259007426085541	692.08
2015-01-20 20:52:10	宁夏	81815007613811317987	115.10
2015-01-20 17:52:13	陕西	38726436321621746974	51.95
2015-01-29 08:49:44	福建	25676987228472033503	912.46
2015-01-29 13:34:06	山西	60502017049714613650	957.72
2015-01-20 11:05:06	浙江	96848491458849392814	125.15
2015-01-18 13:07:30	江苏	42644991715113855300	474.74
2015-01-06 11:36:04	江苏	11881815337039357179	119.83
2015-01-08 19:58:42	宁夏	24314690655556969169	127.30
2015-01-14 19:31:46	山西	31959808466313577851	522.14
2015-01-09 06:14:33	西藏	51968253242950532253	513.97
2015-01-17 01:25:24	天津	40036982503803194794	649.61
2015-01-11 16:09:53	浙江	74246688525660222106	197.42
2015-01-21 20:15:09	宁夏	15293188308929892194	144.30
2015-01-03 09:37:09	西藏	63181847534347472774	433.91
2015-01-15 02:20:29	海南	46783673017987923206	898.27
2015-01-30 10:30:04	云南	36005984681387303885	896.01
2015-01-31 17:55:30	江西	16270582475990378097	606.99
2015-01-05 05:00:29	上海	36829485302305427159	497.84
2015-01-06 07:40:41	山西	89287290613616689902	873.74
2015-01-22 06:47:41	甘肃	98364938309340761132	149.47
2015-01-21 23:31:54	江西	49823766220047656229	414.82
2015-01-22 02:50:23	海南	93502354098475443006	549.84
2015-01-04 01:33:55	湖南	64802508829195145369	934.38
2015-01-02 21:21:11	新疆	93523559163785307259	171.12
2015-01-22 15:21:12	北京	43074239735030499080	468.86
2015-01-21 14:20:33	河北	44265206111732174265	367.75
2015-01-09 05:42:24	湖南	32349196336057399764	714.56
2015-01-23 23:02:37	湖南	32543361936254751274	727.70
2015-01-10 23:52:58	内蒙古	22229058916326033968	377.08
2015-01-27 00:16:29	浙江	62813773900855143525	822.59
2015-01-01 19:46:01	广东	80759063645498963888	404.24
2015-01-04 18:44:29	山西	78399844457840376961	400.90
2015-01-19 18:28:39	北京	30727327391563578518	497.60
2015-01-10 12:35:55	新疆	93512777419750363721	538.53
2015-01-22 06:52:39	河南	78469898409879895452	158.75
2015-01-27 13:31:48	安徽	60248153918827872449	298.38
2015-01-14 13:45:29	山东	62830502690760847927	93.29
2015-01-11 01:58:44	云南	51311904323759144120	413.71
2015-01-11 00:11:49	江苏	51187619567803937734	191.40
2015-01-03 20:01:49	江西	51188654707325855415	954.26
2015-01-25 14:50:23	陕西	60625975912934900342	560.67
2015-01-03 02:15:07	广西	75185253209743801273	702.70
2015-01-15 18:23:30	澳门	54011930244304946427	983.53
2015-01-28 01:37:01	福建	25394858332714928295	216.51
2015-01-09 15:10:07	澳门	88991917536338376037	496.14
2015-01-13 04:50:06	内蒙古	79806911889468251354	247.97
2015-01-23 14:19:29	内蒙古	59546493876358876802	763.71
2015-01-22 13:12:38	陕西	49565025114597130773	128.15
2015-01-15 12:58:02	河南	57733245242681027026	49.89
2015-01-17 18:45:22	云南	79162630665572742164	827.61
2015-01-13 13:28:07	福建	21650310781367869027	123.43
2015-01-22 07:23:17	湖南	36390758404061503257	658.24
2015-01-30 07:41:37	河南	34273023570339713893	29.37
2015-01-20 14:19:32	重庆	37106998282770158212	641.36
2015-01-08 15:23:13	陕西	54659678725589273798	690.15
2015-01-10 22:52:07	西藏	23025016683713572932	334.27
2015-01-08 20:13:18	青海	48901684938541052449	292.81
2015-01-03 18:54:40	四川	53878401434785577305	607.76
2015-01-04 06:27:48	新疆	32456885827659780362	279.55
2015-01-18 02:44:56	澳门	38376829847190313796	287.32
2015-01-01 00:29:48	黑龙江	53651831423601851164	577.37
2015-01-26 06:50:00	四川	32246427990061942350	643.58
2015-01-11 21:19:49	山西	51107506146438209559	153.13
2015-01-02 20:34:01	四川	71647234446989419472	766.99
2015-01-15 01:12:04	安徽	13512129204790959954	161.25
2015-01-31 17:55:15	山东	82327926064923989728	96.87
2015-01-09 12:02:51	福建	57730901071355395358	124.62
2015-01-02 08:43:25	山西	40093978800828495661	855.16
2015-01-20 06:35:09	内蒙古	52502259787820451107	222.20
2015-01-26 05:54:27	黑龙江	62227635409102036086	268.86
2015-01-25 10:13:09	浙江	80254429025941564878	710.43
2015-01-27 18:38:57	广东	20206726335800903064	383.15
2015-01-11 15:29:49	山东	85357574135231451567	148.98
2015-01-31 23:59:51	湖南	78838095495313906452	365.50
2015-01-30 20:40:18	北京	47594961608499340556	961.92
2015-01-16 02:51:28	山西	91002544040390252935	840.06
2015-01-15 10:56:26	吉林	59743260510140017901	325.44
2015-01-10 01:21:17	云南	89381983768316635386	201.47
2015-01-05 11:32:42	湖北	24775542452635038330	957.82
2015-01-20 04:56:36	福建	12144284597768935737	187.65
2015-01-20 11:48:27	山东	38804360081473839508	137.98
2015-01-28 23:43:53	河北	90244587711524353952	927.14
2015-01-28 01:18:13	西藏	42483712592829275045	415.09
2015-01-22 18:10:17	山东	80575535263082199400	222.17
2015-01-11 14:53:31	黑龙江	38862989561360216466	476.49
2015-01-03 07:10:50	江西	42092249905581178707	847.82
2015-01-08 07:44:56	湖北	57968572221940099673	641.11
2015-01-17 20:10:29	天津	82883337104921592939	414.64
2015-01-14 00:45:03	安徽	36617358000320353722	752.12
2015-01-26 08:48:23	内蒙古	48116412917389865515	544.35
2015-01-23 20:19:51	重庆	84608875403536979906	455.80
2015-01-11 11:04:55	福建	53188662464142393470	552.26
2015-01-06 08:32:22	广西	83898012750574167007	459.37
2015-01-23 05:04:30	贵州	17228208436190633508	412.27
2015-01-28 17:45:13	四川	96086604923610890121	424.17
2015-01-28 16:44:01	青海	40828469910014954064	75.73
2015-01-10 14:41:54	吉林	65778024479650325177	23.07
2015-01-12 17:55:53	云南	43071002734524895771	754.36
2015-01-29 23:01:10	湖北	14548050094166130139	948.52
2015-01-15 10:38:18	贵州	38338911176748906904	651.39
2015-01-28 04:39:54	湖南	94731877362529088934	226.95
2015-01-29 03:33:13	宁夏	42132285083184594005	718.78
2015-01-23 10:08:47	宁夏	82275196704146572605	46.49
2015-01-18 20:16:52	甘肃	71278712562946513944	796.39
2015-01-10 01:42:31	吉林	32537546521169831254	367.46
2015-01-26 08:50:59	浙江	63494477811077157637	769.24
2015-01-22 22:55:31	西藏	59482012350045561004	329.32
2015-01-24 04:47:03	天津	12202601476061648078	119.17
2015-01-15 19:14:00	广西	22181370556791739996	833.18
2015-01-09 10:14:12	陕西	62095020865047686538	440.11
2015-01-15 13:45:52	内蒙古	78652657414892427134	994.45
2015-01-01 00:06:04	湖南	81008214138028865138	417.46
2015-01-10 23:29:31	澳门	99728121301708259735	755.02
2015-01-12 15:14:07	甘肃	73498552495906336319	68.71
2015-01-21 05:41:33	青海	22252332174589327085	537.41
2015-01-15 04:53:07	北京	35815504971598814658	527.18
2015-01-06 12:41:58	吉林	33439502819790275270	886.92
2015-01-18 03:42:18	湖北	14080489263361234423	2.29
2015-01-16 06:30:39	甘肃	12910040464903239066	662.29
2015-01-16 12:10:50	澳门	75068515758047823782	357.74
2015-01-03 18:35:50	四川	21437495813841490496	826.45
2015-01-07 06:23:14	内蒙古	71968119793325111342	618.45
2015-01-25 07:44:42	陕西	56466577803914169551	840.33
2015-01-04 01:50:48	上海	71710814713632141970	524.91
2015-01-23 23:14:42	陕西	71952536270021208765	860.57
2015-01-01 00:10:10	贵州	31269412107900859676	496.04
2015-01-07 15:54:02	青海	92167471165656035093	892.54
2015-01-31 19:03:57	贵州	58353887362893281354	236.66
2015-01-29 07:04:01	辽宁	25668394721601674215	601.45
2015-01-30 10:17:22	江苏	80996816275220080824	162.38
2015-01-24 03:41:38	广东	37266005424903249322	496.44
2015-01-24 19:02:40	河南	99331454317103751965	977.85
2015-01-08 13:14:24	贵州	49058118496165334733	709.11
2015-01-17 08:08:25	河南	39126744437673868618	301.75
2015-01-12 08:11:45	福建	59907142768299311798	803.76
2015-01-10 19:17:25	海南	45132863674499111109	91.76
2015-01-22 03:43:09	内蒙古	60579770607496410602	224.73
2015-01-21 06:22:03	贵州	22242788403246242924	229.94
2015-01-03 02:44:41	青海	11335284209163223417	205.28
2015-01-05 23:48:01	辽宁	51699787031792639798	799.69
2015-01-02 10:54:33	安徽	37550669410908707153	234.75
2015-01-20 23:30:57	湖南	42432183613307938648	452.71
2015-01-23 22:50:35	海南	60555833079179404496	203.80
2015-01-15 09:40:45	河南	97400973271083381867	278.17
2015-01-16 13:01:33	陕西	53297015221820755194	656.98
2015-01-18 20:52:17	河南	64571406756037458366	817.03
2015-01-09 05:23:03	重庆	39797840142872341307	527.97
2015-01-07 16:10:09	湖北	15918187532345610997	842.05
2015-01-13 04:37:36	浙江	23294143645361171643	461.30
2015-01-25 04:40:21	湖北	46997206298598912289	866.08
2015-01-04 06:38:16	江西	19417295937397527464	779.68
2015-01-29 09:12:49	天津	89999694319876198092	295.70
2015-01-08 04:52:42	西藏	53088429146473233741	92.73
2015-01-31 09:21:05	四川	56656159319640064274	47.70
2015-01-08 22:27:03	上海	16289003616096291174	701.14
2015-01-07 07:44:46	青海	15966487560847881177	73.83
2015-01-24 04:53:37	浙江	53649945355565676951	165.10
2015-01-05 02:02:04	海南	36589911715975645265	227.30
2015-01-16 12:44:03	新疆	82040984345137070532	595.08
2015-01-10 13:33:53	广西	81286639361193606944	884.37
2015-01-18 09:27:28	湖北	97844205654586145691	929.61
2015-01-04 18:43:46	天津	90324842230063176157	316.58
2015-01-05 13:22:24	云南	36312546468320477914	989.57
2015-01-02 02:51:36	内蒙古	71363370304976644982	760.91
2015-01-13 09:59:05	广东	52952186035777967754	643.48
2015-01-21 07:49:29	海南	44420309870794091737	919.02
2015-01-02 18:39:58	湖北	62170066662325583825	293.22
2015-01-26 18:27:39	天津	35070322646040049111	664.36
2015-01-31 08:45:29	湖南	15627190175938990785	428.57
2015-01-20 18:23:01	河南	38884319986609908927	158.44
2015-01-17 13:23:34	广东	21167276798184578871	511.46
2015-01-11 05:07:26	陕西	67909846706948250943	216.11
2015-01-31 14:09:19	浙江	15524117091053777869	235.99
2015-01-15 10:07:40	安徽	46272678445300389193	307.62
2015-01-11 02:46:32	江西	31327055248012876131	509.44
2015-01-23 19:33:01	云南	12010561323940974475	247.24
2015-01-14 18:33:50	西藏	14932792516416457764	503.26
2015-01-14 04:48:45	安徽	99002614199315056346	113.06
2015-01-08 23:35:53	河南	20117277889299564839	840.70
2015-01-19 05:02:56	天津	98642560449441475208	328.67
2015-01-21 20:46:17	上海	39069476835225551934	709.30
2015-01-07 08:37:06	新疆	24129879280271394660	675.13
2015-01-30 00:02:26	吉林	11346023927183258577	617.97
2015-01-18 16:22:27	重庆	13034802073043218135	257.91
2015-01-21 06:33:13	吉林	33876898096809777577	476.15
2015-01-05 12:07:22	山东	77273148727254437971	992.55
2015-01-04 00:43:47	浙江	84958761655132123965	991.61
2015-01-20 10:41:28	西藏	33119229508684869679	762.33
2015-01-14 06:26:26	海南	15175985498631849344	129.03
2015-01-03 14:59:15	湖北	32891788452877503007	195.32
2015-01-15 14:12:10	河南	69075387842646753317	444.95
2015-01-22 00:51:25	山西	86249842487676881792	74.33
2015-01-22 07:17:27	北京	62491343097048439321	264.04
2015-01-19 07:58:02	山东	37556369230421899193	803.79
2015-01-23 03:53:16	江苏	49456365744193523459	20.56
2015-01-14 13:54:22	甘肃	17905353852366694666	446.51
2015-01-07 21:01:08	重庆	59040297989134993034	95.11
2015-01-21 02:33:05	海南	72078096110254441868	275.12
2015-01-12 18:02:09	辽宁	34765815149677833549	76.53
2015-01-09 03:07:51	广西	29921874426342936781	171.32
2015-01-03 19:30:01	西藏	13980252385779023715	377.66
2015-01-05 05:20:24	江苏	47472010344893153278	497.56
2015-01-01 09:14:34	湖北	95626235489434309896	673.61
2015-01-16 21:43:55	宁夏	72254780331056948485	876.44
2015-01-10 06:42:17	河北	52899153507471558555	544.87
2015-01-23 00:32:23	青海	88085312273263630187	391.35
2015-01-05 16:02:40	北京	97473112738882454842	119.46
2015-01-24 02:57:15	吉林	42662518995681489673	55.24
2015-01-05 07:08:51	贵州	19506861847132585946	569.43
2015-01-17 17:35:34	云南	78923547727124564604	720.53
2015-01-20 06:47:40	浙江	75913508757617466512	956.90
2015-01-13 01:31:45	广东	52039941730900363422	288.84
2015-01-27 17:59:03	新疆	15494510894704076805	751.93
2015-01-13 14:29:21	陕西	66183243419312406360	6.48
2015-01-05 01:07:31	北京	93745962829117926481	615.83
2015-01-08 10:52:00	青海	80151635445334658477	254.16
2015-01-02 16:00:21	宁夏	62450838481370634698	245.40
2015-01-09 18:48:03	海南	44143532697214063943	226.94
2015-01-05 14:00:53	内蒙古	66012368160687156845	291.02
2015-01-04 08:29:51	山西	57695664368648867190	894.51
2015-01-22 06:49:04	重庆	28213344809088443167	507.15
2015-01-31 17:05:15	广东	68927071405444876809	794.75
2015-01-09 23:46:26	海南	44439435306312395059	565.60
2015-01-24 06:20:18	湖南	21188659531566378853	594.71
2015-01-20 02:34:24	山东	85916580649631604731	99.78
2015-01-08 18:23:54	湖北	22466017396277374190	564.20
2015-01-02 13:37:02	贵州	64706313846239755926	392.08
2015-01-27 14:34:08	北京	91729130313689634685	963.14
2015-01-24 07:03:27	重庆	75253333029888476647	871.13
2015-01-03 23:00:44	河南	15050726538936056373	746.41
2015-01-03 03:10:26	澳门	30631402534407684952	126.80
2015-01-20 19:24:21	湖北	46325928190089621333	445.22
2015-01-02 11:56:12	上海	49945160699511338661	810.07
2015-01-22 08:41:21	甘肃	97238433346349782773	160.72
2015-01-21 14:02:32	湖南	63561041521130245284	368.92
2015-01-05 16:16:25	陕西	12321720611148835800	956.62
2015-01-21 22:23:07	陕西	71498742319411048362	720.12
2015-01-15 03:23:12	陕西	43877530968118345824	596.58
2015-01-28 05:48:29	辽宁	85606274864121953370	96.86
2015-01-03 14:55:05	湖北	69464645397604264586	101.89
2015-01-18 15:22:03	海南	18507043448322149138	983.52
2015-01-24 12:26:46	陕西	93212275639504112985	844.33
2015-01-07 04:18:58	黑龙江	13045072208375291285	264.53
2015-01-18 21:49:56	内蒙古	83641057985942333811	139.42
2015-01-19 14:51:21	重庆	24352820662777880732	874.50
2015-01-26 05:55:02	新疆	34547014019506130679	418.96
2015-01-04 04:43:11	海南	95338198688385644790	508.60
2015-01-25 12:30:54	山西	57809349291621783037	630.92
2015-01-11 20:10:18	浙江	36009630322722833134	963.54
2015-01-25 19:03:09	甘肃	51582935839163018881	889.04
2015-01-23 06:23:58	云南	17616087476167629911	19.01
2015-01-12 08:32:15	河北	33769144767199415437	139.01
2015-01-29 00:02:11	黑龙江	53488358414359565243	282.92
2015-01-16 13:13:32	山西	94987487177479351084	493.45
2015-01-25 13:04:50	西藏	98460998639296680455	497.95
2015-01-15 13:31:54	天津	38054030494451901228	3.80
2015-01-05 13:07:26	云南	88587327178944310856	920.74
2015-01-19 06:49:29	四川	33855619574975991434	556.97
2015-01-18 05:43:32	湖北	39865067063074957666	577.09
2015-01-02 11:20:19	安徽	18971210431911913640	569.76
2015-01-22 06:24:53	黑龙江	98158071069729391103	753.86
2015-01-03 17:03:30	陕西	28813929603362524259	948.80
2015-01-22 20:19:45	甘肃	89899660001483395942	369.33
2015-01-14 12:09:32	安徽	52953267133369498696	272.93
2015-01-16 09:19:41	陕西	51617787020380654207	868.96
2015-01-12 03:05:28	吉林	20323819098439532087	696.37
2015-01-01 09:28:53	黑龙江	81346267505958005431	946.32
2015-01-24 22:16:52	青海	46216229253711942880	875.68
2015-01-16 13:11:31	云南	40708009210645605875	800.33
2015-01-27 20:04:39	内蒙古	73425092536390550789	747.81
2015-01-10 06:44:37	吉林	50621763889782889627	449.06
2015-01-25 06:12:29	重庆	23091638480122275585	322.57
2015-01-10 13:29:35	海南	20801044040552378791	106.58
2015-01-07 19:42:26	新疆	64174393615035742204	138.48
2015-01-08 06:59:18	陕西	88032412148357883607	452.75
2015-01-12 23:03:16	天津	26552390117279674673	279.03
2015-01-17 16:04:08	陕西	88389455985031228695	541.14
2015-01-22 20:26:42	青海	80737961868243594103	736.34
2015-01-02 15:35:14	四川	46065775975792428720	316.12
2015-01-29 15:17:09	湖南	69537536825290751847	109.52
2015-01-20 10:37:12	澳门	75141576449248348262	752.17
2015-01-07 19:47:30	江西	96929732264385099103	472.04
2015-01-12 07:07:26	浙江	68592598934544488504	475.73
2015-01-12 17:47:49	重庆	58451353746074820317	810.12
2015-01-18 23:28:34	吉林	34286510034380575749	921.92
2015-01-16 04:10:50	江苏	57285592063719838166	71.93
2015-01-17 14:48:46	山西	99502805258074904039	609.18
2015-01-07 19:49:45	北京	92114441635129745048	375.37
2015-01-19 19:40:35	河北	31809395680085814975	153.92
2015-01-03 15:57:59	澳门	72140291377321252903	419.60
2015-01-13 15:23:55	澳门	84131050406215636848	566.27
2015-01-16 05:27:09	湖北	31383597442027033474	553.14
2015-01-02 15:55:05	山西	93263935811976444467	146.84
2015-01-22 17:31:25	河北	22974265760563993019	398.09
2015-01-31 08:18:46	湖北	73763617229909511438	43.76
2015-01-27 16:37:25	吉林	23657832186507847553	315.99
2015-01-02 10:09:07	西藏	11390684275106748414	562.42
2015-01-28 11:38:50	山东	98088770227424221101	218.22
2015-01-02 05:27:36	海南	48855957901381902618	793.02
2015-01-15 15:40:29	山西	49959752108149480857	123.92
2015-01-04 07:38:37	海南	68715900503862350034	611.83
2015-01-03 05:54:29	上海	77399375303748266395	96.12
2015-01-31 19:32:42	上海	99211313657786864636	875.67
2015-01-19 11:55:48	黑龙江	72977934721898745795	630.15
2015-01-20 05:52:11	安徽	11682499676544311855	53.21
2015-01-08 12:30:44	河北	32030863456138571923	885.45
2015-01-04 18:50:24	江苏	28042012600568638920	958.04
2015-01-19 21:21:47	新疆	65323782929861665602	297.70
2015-01-25 10:40:56	云南	60466066574582671642	373.60
2015-01-02 09:45:15	江苏	26982269781120729192	759.32
2015-01-31 17:10:33	西藏	22036631101636504342	943.97
2015-01-22 23:26:23	河南	32857596029770204824	341.79
2015-01-20 14:08:02	青海	30543638037868912113	920.36
2015-01-22 01:08:53	内蒙古	38451634087429444143	157.10
2015-01-09 02:52:51	江苏	74825015250479651754	268.89
2015-01-14 07:39:11	新疆	75516166032674200008	159.55
2015-01-27 06:52:47	云南	36118588130689098797	581.25
2015-01-04 20:37:23	福建	78860268896907901237	153.42
2015-01-11 18:48:56	山东	35172718146066753355	45.31
2015-01-16 07:40:13	西藏	89947858940547364343	224.86
2015-01-15 15:05:49	辽宁	30564289638482801746	642.90
2015-01-27 15:45:56	湖南	53787141136857966138	890.11
2015-01-10 04:30:28	甘肃	66433316930079620946	162.42
2015-01-28 06:31:47	广西	70135051405311007956	157.79
2015-01-28 03:03:15	云南	52925417017006379097	654.58
2015-01-26 11:11:01	湖北	82978708831572097442	97.26
2015-01-30 13:26:10	浙江	80971495580406813240	489.34
2015-01-21 01:52:16	贵州	95362105136437864633	529.70
2015-01-08 00:42:19	山东	69616110829811010867	868.85
2015-01-09 10:01:50	浙江	96580416280147061442	366.49
2015-01-26 12:16:35	江西	15064348412349720090	517.16
2015-01-12 15:46:39	江西	79864498359017539045	496.27
2015-01-20 04:57:47	江苏	69393418523653680961	234.53
2015-01-29 21:56:55	河北	28249253888771047894	782.36
2015-01-09 11:56:19	甘肃	58051568432144068966	335.68
2015-01-08 19:46:45	甘肃	53894976122042881672	813.02
2015-01-09 10:59:27	山东	71680868578803159264	664.76
2015-01-27 10:51:27	福建	91428133530212164083	553.04
2015-01-05 16:30:09	上海	29211355117132620975	679.08
2015-01-08 10:03:11	内蒙古	88285850200279227538	274.59
2015-01-14 11:07:58	河南	82296381049327291017	770.64
2015-01-14 11:25:24	江西	88500471726992279667	574.30
2015-01-21 16:26:40	上海	42469179178156004296	703.58
2015-01-15 12:17:53	江苏	57741930313138021144	852.55
2015-01-10 17:47:25	安徽	25259349305275236266	747.27
2015-01-21 20:58:43	重庆	23328064172745178273	78.53
2015-01-31 01:51:30	黑龙江	36267220325773978972	2.97
2015-01-21 06:58:57	四川	72274260524036864009	551.30
2015-01-11 14:50:45	内蒙古	93731824372841637335	938.74
2015-01-10 03:45:24	北京	32167861313175708851	702.45
2015-01-18 00:46:23	西藏	97475348209194348876	42.77
2015-01-30 15:12:00	澳门	77555821983539230066	845.13
2015-01-27 12:11:43	安徽	71846560140500976569	637.72
2015-01-28 13:19:33	天津	68612070196021938056	375.47
2015-01-24 11:38:23	山东	83804364263501831331	908.08
2015-01-31 04:10:12	澳门	27083776793696552148	404.14
2015-01-15 18:22:11	四川	58849413783663981732	613.64
2015-01-06 22:37:41	黑龙江	84870776868465011855	74.87
2015-01-21 19:55:02	辽宁	21037751064765749976	48.51
2015-01-11 06:06:03	云南	10006398443992448784	456.90
2015-01-10 16:34:21	福建	22159688568176358399	347.63
2015-01-05 01:22:21	宁夏	50358993763115869026	778.11
2015-01-05 17:19:30	陕西	58042220109643665536	133.38
2015-01-06 20:07:27	内蒙古	48087842484526256149	407.18
2015-01-15 10:32:15	云南	95971931267126930073	206.25
2015-01-21 15:28:15	湖北	13631132348606135643	272.21
2015-01-19 01:56:27	四川	31488586870409073050	112.22
2015-01-05 00:51:30	海南	58032836782519680313	514.57
2015-01-27 22:00:24	广东	74325142107896285717	64.84
2015-01-24 18:21:54	海南	57170199482454292757	423.31
2015-01-18 16:17:23	河南	44921968712561106514	214.16
2015-01-18 04:49:39	河南	95664109644846191614	782.97
2015-01-10 04:24:45	陕西	14727415926387961210	775.86
2015-01-01 12:58:36	澳门	92259362845296384108	751.30
2015-01-23 07:12:14	河北	43592645819266094751	684.23
2015-01-19 08:40:41	青海	44028367550255217270	204.43
2015-01-17 18:24:14	河北	48258152098848174924	696.44
2015-01-13 03:14:22	安徽	31954210449752153586	88.75
2015-01-24 12:24:27	上海	20151614174889818475	815.76
2015-01-14 23:26:33	上海	63751034935013732650	947.79
2015-01-16 07:31:00	宁夏	19265710745008639292	893.46
2015-01-10 17:09:31	广东	27292702911284333884	550.21
2015-01-05 16:26:27	新疆	66731459395418855935	604.57
2015-01-24 03:49:20	河北	29390217618476161959	569.31
2015-01-29 02:40:29	湖北	76125310894529196281	718.04
2015-01-07 20:44:49	贵州	24661953707059796688	95.67
2015-01-14 17:24:46	湖北	65213118171336266121	390.34
2015-01-02 16:59:52	浙江	21513990161925341843	425.39
2015-01-27 23:03:38	广西	25106790587093408751	39.58
2015-01-05 12:37:25	内蒙古	50441862483600723713	172.14
2015-01-19 10:13:50	福建	50982993333230820595	934.07
2015-01-28 03:01:11	山东	23597807643500575693	7.21
2015-01-30 18:09:23	天津	22056021240199374006	701.04
2015-01-26 13:04:34	澳门	72566335035895956621	650.92
2015-01-12 00:03:51	四川	95196277089445693801	717.43
2015-01-21 05:50:55	河北	22021538661343200424	795.26
2015-01-03 20:52:37	河南	17212350530535037808	496.47
2015-01-12 06:31:39	内蒙古	28087732934056167312	103.61
2015-01-06 03:05:38	江苏	73746973474265602339	39.21
2015-01-21 12:32:42	湖南	48937731668819095054	449.72
2015-01-17 17:54:07	重庆	77268454975426512193	533.52
2015-01-05 04:17:54	湖北	91407611963487717281	928.40
2015-01-12 18:12:55	四川	83972708305720009657	232.52
2015-01-12 00:11:00	山西	42348464977109662177	137.36
2015-01-20 19:54:26	上海	54441936840296848400	889.42
2015-01-10 23:24:09	广西	69558219763008145303	934.94
2015-01-14 09:11:17	广西	14821272954760309445	586.74
2015-01-13 05:38:43	新疆	54283700425750862307	549.31
2015-01-27 06:19:12	澳门	80220171176972904853	382.55
2015-01-13 07:19:13	四川	69835392229785599868	338.91
2015-01-25 09:05:14	安徽	65644845569971329479	596.54
2015-01-20 17:03:20	吉林	71955143637897958703	23.45
2015-01-26 15:26:28	安徽	89495239440074160436	183.12
2015-01-15 19:43:36	山东	97370475085652876812	882.73
2015-01-03 16:42:02	河北	18192781761824469949	449.43
2015-01-21 15:26:28	江苏	18593498399808453618	502.53
2015-01-28 02:48:43	贵州	50673717210463080609	374.90
2015-01-14 04:35:08	青海	42522066672066583379	334.40
2015-01-26 08:29:54	四川	18045243411760154335	751.92
2015-01-23 16:28:37	广东	25008365722986903254	234.75
2015-01-17 01:36:04	河南	99998753425065334453	642.72
2015-01-23 00:09:46	广西	40894444564437395212	458.77
2015-01-21 00:49:25	黑龙江	41447006616733495774	173.64
2015-01-21 01:30:08	甘肃	82068795372256496515	191.21
2015-01-06 16:41:02	上海	60782258417088400990	187.08
2015-01-30 10:16:47	辽宁	34293566360909855219	938.62
2015-01-26 15:04:15	西藏	13830338883869717918	501.78
2015-01-15 07:51:50	广西	53068625610917830345	838.36
2015-01-22 22:24:07	青海	78474758438502404041	975.84
2015-01-20 12:15:27	黑龙江	94606957460392770603	957.97
2015-01-29 18:59:34	贵州	79873654946208648131	711.64
2015-01-27 10:30:06	吉林	97060445479140986180	561.27
2015-01-06 13:49:20	吉林	41297243085482429144	86.75
2015-01-15 07:44:57	重庆	99460059757291508290	676.56
2015-01-08 13:19:18	江苏	57880873232334879554	110.83
2015-01-13 02:09:55	上海	20286217373143821012	413.98
2015-01-29 03:21:23	广西	23739547302965809247	74.90
2015-01-02 09:14:37	天津	66681104325453532399	758.48
2015-01-07 21:52:15	云南	35172118476115717849	308.70
2015-01-25 07:52:09	湖北	61687216125734293721	862.80
2015-01-02 15:36:17	湖北	40620959065383921204	668.20
2015-01-16 07:18:02	四川	69447697208630056596	970.04
2015-01-01 08:40:05	河南	85336431340912760313	718.43
2015-01-19 16:52:31	安徽	86866024213355838523	687.59
2015-01-30 07:08:58	上海	79991785283482393705	342.82
2015-01-24 02:26:43	吉林	67426813904115418049	887.64
2015-01-28 11:28:37	青海	59722762337097492762	810.71
2015-01-21 10:18:38	江西	78465547332378482144	325.43
2015-01-08 04:57:48	福建	86611910152707099048	422.45
2015-01-05 07:33:56	西藏	80128920602280562645	359.41
2015-01-21 09:35:48	宁夏	18710507815476097109	772.90
2015-01-17 00:20:56	吉林	10573699300648074756	637.70
2015-01-26 11:54:33	西藏	91989783208259852973	101.83
2015-01-31 01:01:29	宁夏	27012360052625565483	250.70
2015-01-27 14:49:30	四川	46767946746660803711	318.24
2015-01-16 17:03:32	四川	27161117494165434596	780.50
2015-01-16 02:33:33	浙江	76406003648071032363	632.14
2015-01-21 11:10:55	陕西	81759154715533491672	587.23
2015-01-21 03:19:10	宁夏	43581802840645406548	290.23
2015-01-22 15:52:39	河南	57501073756976714562	894.50
2015-01-11 06:41:07	四川	74745219862187592540	716.98
2015-01-12 01:14:45	云南	81748706700158080337	313.35
2015-01-08 22:07:11	河南	44957150906259960464	670.37
2015-01-27 02:49:26	重庆	92505198235532196453	501.11
2015-01-14 19:59:52	澳门	97378914349802060509	162.76
2015-01-09 06:04:29	山西	26143990989186177061	191.56
2015-01-17 00:38:26	澳门	22922202255381007069	439.58
2015-01-02 08:13:39	内蒙古	64041200058440718245	409.30
2015-01-17 12:52:46	吉林	45830330718982407531	859.72
2015-01-08 16:24:32	辽宁	28507772860366417967	354.35
2015-01-24 06:44:56	福建	12453233520494283747	522.29
2015-01-04 22:19:08	贵州	92367656784501147803	909.51
2015-01-21 15:11:39	江西	95260444880570680096	58.28
2015-01-20 10:34:18	云南	89105400065112886663	185.17
2015-01-31 10:07:38	安徽	22760532337000309167	114.73
2015-01-03 23:25:33	浙江	99554876384599469958	875.34
2015-01-24 03:53:00	福建	20667802697640432931	12.09
2015-01-27 12:49:32	湖南	88908191066283320778	610.02
2015-01-22 05:20:37	北京	85430731541910343786	657.10
2015-01-22 15:26:48	内蒙古	87935265584505712604	587.73
2015-01-26 05:52:53	山西	47527609352804668462	345.47
2015-01-11 08:27:02	内蒙古	39183194457232873851	405.01
2015-01-03 17:06:49	澳门	37189659916706432907	16.78
2015-01-31 17:48:05	天津	44571777009610281480	348.87
2015-01-20 11:48:21	澳门	78823750718765908149	437.65
2015-01-11 07:53:45	宁夏	47727443757904801105	835.69
2015-01-20 01:21:09	陕西	54662409192855385794	585.25
2015-01-08 14:57:43	海南	40788190692216454171	33.33
2015-01-14 15:07:25	重庆	41700039239458231788	899.86
2015-01-29 04:48:11	山西	99502691750675462649	24.21
2015-01-22 14:56:01	内蒙古	43971462227289068805	802.13
2015-01-26 05:10:57	浙江	60078058671633605947	23.79
2015-01-06 00:15:46	浙江	75886081871102485823	525.60
2015-01-26 21:47:55	新疆	32468912429240488087	101.97
2015-01-17 22:45:46	甘肃	20858412867336836875	753.65
2015-01-23 23:18:15	海南	54436750031114991929	169.58
2015-01-13 11:51:51	江西	41475821417469123400	851.80
2015-01-03 09:54:11	福建	23785112861070996997	899.14
2015-01-31 05:34:38	山东	45358613302247742677	437.67
2015-01-24 19:02:38	新疆	92175463835130628356	812.95
2015-01-22 14:54:15	云南	99602855712873399322	744.04
2015-01-20 04:15:04	云南	67631199068351495106	596.38
2015-01-17 15:19:58	江苏	67944071984885186101	386.09
2015-01-14 14:52:52	福建	16786531407332526440	53.73
2015-01-08 13:34:41	黑龙江	77688737690110032663	275.18
2015-01-05 18:59:33	北京	48646628141845194766	508.65
2015-01-24 08:07:44	山东	22237150819165256358	140.67
2015-01-17 05:42:39	上海	97637937827045024265	701.58
2015-01-22 20:33:37	云南	28791514228160469639	774.55
2015-01-31 14:22:09	湖北	21751277024700374767	973.16
2015-01-28 05:04:31	湖南	21766147651758786812	553.64
2015-01-29 19:12:47	宁夏	77332173126111937164	673.82
2015-01-26 05:28:30	辽宁	91646632864753045632	852.05
2015-01-11 11:31:24	新疆	30025485323409473331	70.52
2015-01-12 14:18:52	云南	78612359666280301772	722.32
2015-01-06 13:00:03	四川	10602249723121185591	668.07
2015-01-18 21:47:24	山西	28505165437246940421	31.41
2015-01-13 02:43:44	河北	17537630123641238092	973.06
2015-01-22 21:52:57	海南	26879959544928007869	13.76
2015-01-16 08:29:34	河南	92400056843895332781	657.08
2015-01-10 04:39:11	北京	54862951157104195729	502.01
2015-01-16 22:15:10	浙江	55897146584006068442	601.76
2015-01-29 16:23:26	澳门	25461420515077695408	120.41
2015-01-11 19:50:09	山西	10251300670436503803	897.53
2015-01-03 09:04:03	宁夏	94857118464098070574	987.28
2015-01-03 07:41:53	江苏	61946414420055429505	72.12
2015-01-23 01:29:52	甘肃	31870362968633541221	797.54
2015-01-10 00:59:50	天津	52189110496981924900	119.81
2015-01-23 11:38:42	贵州	27375879693030667343	156.93
2015-01-04 14:12:10	河北	59863779437554070521	720.86
2015-01-09 23:28:40	天津	83144046396534356546	290.75
2015-01-02 12:54:02	安徽	69042999286478600872	807.94
2015-01-03 17:54:55	青海	45781086120307399560	439.29
2015-01-03 00:21:37	重庆	55519977218959965878	961.26
2015-01-18 10:54:26	澳门	45949921439906826195	566.42
2015-01-19 18:24:10	内蒙古	51987337852987116687	937.96
2015-01-14 18:43:58	黑龙江	48644555386461190731	751.27
2015-01-05 06:33:38	吉林	23940655392522211560	805.19
2015-01-13 05:58:02	上海	13449475585015243573	887.76
2015-01-08 06:27:02	江西	27954639115446627003	691.60
2015-01-09 20:18:13	贵州	32229364108399210958	556.94
2015-01-03 12:21:43	天津	75614356705223912632	45.36
2015-01-11 21:05:26	新疆	27599909772349974274	916.33
2015-01-01 01:32:27	吉林	57373734366312589695	656.40
2015-01-28 16:55:59	海南	82273184408474295194	765.30
2015-01-04 21:40:34	青海	83948516286574947398	566.05
2015-01-29 04:27:40	陕西	68582012601212591947	130.84
2015-01-08 08:52:08	江苏	18856924388672151763	527.97
2015-01-29 03:54:57	江苏	79662510767758006409	354.08
2015-01-27 21:32:41	西藏	38262168571050248391	472.41
2015-01-06 09:29:09	青海	27165358653902296345	235.53
2015-01-15 02:59:34	福建	76321360600153469190	446.61
2015-01-30 19:48:51	福建	63464146631736961225	14.71
2015-01-15 01:04:12	天津	28545884885094601349	415.07
2015-01-01 16:49:27	湖南	54259587075569961443	604.34
2015-01-03 11:46:28	西藏	39221771123801641732	939.21
2015-01-11 06:16:28	山西	73791768605139151666	822.58
2015-01-26 18:26:48	北京	18293254388417785837	500.04
2015-01-17 00:02:06	湖北	25833013293723518263	288.96
2015-01-24 23:34:38	河南	33662065210018593227	264.86
2015-01-28 17:36:42	海南	89066323160959620485	607.86
2015-01-01 15:10:27	云南	78450045344804809340	432.36
2015-01-17 13:16:05	江苏	90831164183154342173	317.28
2015-01-26 10:42:52	广西	91033128797953414353	383.52
2015-01-29 12:54:58	西藏	42466815296155416481	450.05
2015-01-19 14:41:25	陕西	98260070101253721850	752.94
2015-01-15 02:44:15	陕西	14090172605679169439	776.11
2015-01-08 00:56:43	海南	57494642584457698205	385.85
2015-01-05 18:45:32	天津	40451311380325964357	823.47
2015-01-02 18:31:38	辽宁	79218867972980938170	418.39
2015-01-18 04:32:51	北京	46217457528636792543	599.01
2015-01-06 18:42:59	山西	72484500840468742214	127.79
2015-01-17 03:54:33	陕西	32360311654360287974	325.57
2015-01-05 22:45:50	江苏	98436513440879929783	599.02
2015-01-03 07:16:35	贵州	90392244278075321441	197.26
2015-01-15 17:49:10	重庆	99414110055635318262	751.85
2015-01-15 08:07:10	西藏	48776930787646987786	124.04
2015-01-25 08:14:29	上海	13910206594710793555	404.52
2015-01-08 15:36:17	新疆	39409678067119753694	825.53
2015-01-11 10:07:17	北京	64642587662585690045	880.31
2015-01-13 09:38:13	安徽	28673229905869736712	904.87
2015-01-01 13:19:10	云南	53009702289704774414	376.80
2015-01-16 05:32:51	辽宁	94601359372049943752	269.15
2015-01-06 14:36:10	甘肃	88049040383909158708	152.56
2015-01-01 03:04:56	云南	48475315035889264848	150.29
2015-01-13 01:33:21	上海	71671773788789034953	5.11
2015-01-24 09:39:38	福建	28389177064130283086	610.28
2015-01-15 06:51:52	北京	65397282572453760493	416.69
2015-01-13 13:42:25	黑龙江	23863264399737304730	298.18
2015-01-13 03:59:55	吉林	45318611496859312018	336.41
2015-01-07 20:29:50	宁夏	29702558606238605387	992.08
2015-01-01 17:40:53	陕西	93314065176330216127	770.07
2015-01-21 05:51:08	广东	52504388520603367279	463.56
2015-01-09 04:40:55	安徽	13315552512198804406	595.73
2015-01-01 18:15:51	甘肃	46535594314820814590	872.77
2015-01-28 00:53:22	吉林	57959520069778235598	709.95
2015-01-17 04:50:33	上海	24526404536260271953	999.76
2015-01-06 08:45:41	辽宁	48175069220044596201	426.18
2015-01-01 17:06:46	四川	42414396916359614770	38.17
2015-01-08 01:20:02	云南	33186084945411539112	373.47
2015-01-15 08:44:24	宁夏	42347530126138830919	831.14
2015-01-12 10:25:06	福建	56206582045116000922	942.38
2015-01-25 10:06:39	黑龙江	73365223199606083660	907.21
2015-01-06 11:33:57	安徽	16718342938378389790	927.44
2015-01-28 22:22:25	浙江	16762188248655896698	276.66
2015-01-03 16:42:57	湖北	21955118789289900410	944.05
2015-01-02 00:17:39	重庆	67906676859605791794	921.64
2015-01-27 01:37:13	山西	18945457313892068270	948.75
2015-01-04 13:05:07	陕西	84580113476430279047	447.68
2015-01-28 09:48:09	陕西	30931983004355236897	975.92
2015-01-13 11:27:39	青海	44150710872939479132	569.87
2015-01-24 10:30:53	贵州	76949412551566073293	809.63
2015-01-13 16:48:53	北京	78991682246452007935	920.49
2015-01-11 04:06:09	安徽	62818383312298918033	426.13
2015-01-22 00:19:51	山东	82641677977211509766	812.81
2015-01-16 19:02:57	辽宁	26811732310028318908	65.36
2015-01-12 00:11:15	河北	16994207998275787412	813.93
2015-01-18 01:13:00	吉林	50344044851999779280	121.24
2015-01-14 16:45:05	黑龙江	98906913646229700781	543.17
2015-01-19 21:41:54	澳门	50184005350334124332	501.11
2015-01-22 14:29:54	海南	11852146088795257911	998.96
2015-01-10 17:52:27	湖南	37363168539489284579	898.55
2015-01-06 23:21:05	山西	64713373095821662981	866.15
2015-01-18 05:47:50	甘肃	85459551246305891240	720.94
2015-01-21 01:00:45	贵州	23096507376370088188	257.84
2015-01-26 23:48:37	北京	36206739269883568415	196.23
2015-01-08 23:32:51	湖南	18750313757657477314	26.56
2015-01-10 08:59:11	西藏	22421341232301997991	978.78
2015-01-24 03:30:33	海南	34214879450190929467	838.86
2015-01-21 06:10:21	广东	58857183741593436406	492.13
2015-01-25 22:45:53	北京	52218419099677636292	225.07
2015-01-03 11:14:51	福建	75953027588136643047	625.92
2015-01-24 04:41:51	江苏	90496652134292481947	872.34
2015-01-09 20:22:29	四川	34940282203953886779	190.89
2015-01-13 06:33:49	广东	50582669721658254056	678.06
2015-01-13 13:10:35	云南	62520478048078157336	166.64
2015-01-01 20:35:07	青海	90642376802908913572	428.41
2015-01-21 13:53:14	湖北	14811757372143777655	417.95
2015-01-15 19:30:37	广东	87181526121607217092	231.39
2015-01-10 03:08:16	西藏	51373331127664856059	700.91
2015-01-11 18:29:21	陕西	81465975106049199248	289.19
2015-01-24 02:36:22	湖北	65652320536254959531	573.24
2015-01-20 12:21:16	福建	66347788102421709971	317.17
2015-01-07 03:19:42	重庆	10102999354236345086	227.76
2015-01-01 01:58:07	西藏	79775651859778970161	265.31
2015-01-20 22:21:35	上海	93579120336957832667	933.24
2015-01-24 03:01:56	黑龙江	98374583195215888769	913.30
2015-01-21 01:23:00	江西	77961786549012329607	287.01
2015-01-29 14:20:54	青海	65769396031404929988	336.47
2015-01-26 02:27:51	青海	97428750201931579202	91.93
2015-01-08 11:35:54	广西	57506118412465601137	492.85
2015-01-10 13:08:54	新疆	61525509715479693332	40.52
2015-01-14 21:25:37	吉林	77972085018722607643	872.25
2015-01-10 17:55:54	辽宁	69343611445860054422	824.56
2015-01-15 21:32:00	重庆	79267889762658638566	66.47
2015-01-14 16:39:10	四川	94387226693897925352	257.09
2015-01-17 22:39:49	重庆	74947871260779506153	3.20
2015-01-30 10:35:16	北京	45233420149007775472	694.80
2015-01-24 23:34:35	江西	33086118574578973265	249.85
2015-01-31 07:02:33	江西	94210643677476288374	595.93
2015-01-31 02:24:34	上海	87039820785163319260	650.76
2015-01-04 06:43:11	青海	39593624352451894758	466.94
2015-01-09 02:27:38	天津	56345271686454956364	350.48
2015-01-05 16:30:47	甘肃	67922761237626807675	786.85
2015-01-20 11:58:07	广西	29364983366625121841	867.08
2015-01-07 13:22:44	天津	57542842012709934624	219.19
2015-01-14 23:17:30	湖北	99995556486803359003	819.39
2015-01-17 10:25:46	云南	76783019934100029636	94.30
2015-01-18 08:12:11	福建	72635199842571919246	401.93
2015-01-01 18:00:03	河南	72728716765215011768	899.03
2015-01-28 21:46:57	天津	62672045314119438406	741.17
2015-01-14 08:07:35	贵州	20635256625385503782	755.56
2015-01-21 19:57:22	宁夏	60532259514006371482	390.99
2015-01-13 22:27:44	新疆	61814889037391137168	865.24
2015-01-02 11:54:05	四川	98018758380682377641	787.25
2015-01-22 19:12:15	北京	72449790531191961736	263.70
2015-01-27 14:49:05	澳门	29639731364265187352	679.79
2015-01-16 21:59:26	广西	99360149336982593342	150.01
2015-01-08 17:38:00	天津	96087415210776175328	303.51
2015-01-17 07:04:20	贵州	97089902777273593098	814.35
2015-01-30 17:47:19	贵州	71437339734379632620	643.20
2015-01-22 21:49:23	黑龙江	86330364487365728734	745.02
2015-01-13 09:36:14	宁夏	89014997968591124971	580.02
2015-01-17 05:32:19	新疆	82353834962105853486	281.06
2015-01-01 15:36:31	广西	73429996795390067747	85.32
2015-01-15 03:01:59	贵州	56687818572224521060	834.03
2015-01-27 07:21:14	山西	94348680572990983662	122.03
2015-01-09 13:19:41	北京	78829563016135926810	451.85
2015-01-15 10:59:36	山西	67146187369055783133	74.47
2015-01-30 02:44:51	黑龙江	62739817852983670935	737.35
2015-01-31 06:44:46	宁夏	61401196740963614565	381.36
2015-01-31 01:50:34	天津	44526451204966256437	237.44
2015-01-17 21:08:09	安徽	79711290089665906597	454.70
2015-01-17 23:34:39	甘肃	24049901246906271243	684.57
2015-01-22 19:01:26	河南	29794090197362089823	219.50
2015-01-09 06:13:06	广西	83997145098953782262	653.82
2015-01-04 00:47:56	宁夏	49741941389082673376	738.11
2015-01-30 20:53:43	内蒙古	96540749594178588452	203.33
2015-01-29 05:33:31	湖北	99661973303923250260	186.83
2015-01-25 07:02:10	海南	80247669417067326865	679.34
2015-01-09 03:40:12	北京	57407992442358181030	420.41
2015-01-02 06:46:17	湖北	41971078175537468026	722.11
2015-01-14 03:28:27	安徽	78733271044090165060	591.91
2015-01-20 03:09:28	广东	68691153250425036826	511.67
2015-01-05 22:13:42	福建	49753011232605187095	676.69
2015-01-19 08:08:20	安徽	91881094744637965025	487.60
2015-01-27 15:06:07	云南	34339062552063876251	234.09
2015-01-28 15:39:27	天津	65470351352898596321	745.45
2015-01-17 21:24:46	宁夏	47522373046710209763	823.34
2015-01-22 13:46:16	甘肃	19867886046029524999	339.96
2015-01-19 21:01:56	辽宁	12126433942185385891	248.34
2015-01-18 02:43:24	内蒙古	88513710323302944080	845.53
2015-01-11 06:27:34	甘肃	82336185584363582087	897.50
2015-01-06 13:40:55	安徽	37638159608797410325	401.08
2015-01-18 06:59:56	四川	44318342747291629927	247.73
2015-01-24 03:48:27	四川	94685896061692578293	93.63
2015-01-01 10:50:33	湖南	80216178861400712151	197.13
2015-01-27 13:48:56	贵州	27027136774292217833	83.43
2015-01-31 04:17:58	内蒙古	89588347015287511737	702.81
2015-01-07 14:46:03	辽宁	97908683571595046363	59.44
2015-01-14 18:33:40	青海	79912992011665203692	144.74
2015-01-10 07:32:12	福建	94400181183545285912	154.91
2015-01-02 10:52:57	山东	98095439090192867626	428.12
2015-01-28 04:33:24	山西	53467757521233387736	931.26
2015-01-31 22:13:09	四川	58547494567091701592	155.31
2015-01-28 13:19:43	湖北	65350250279782508837	350.98
2015-01-23 21:22:19	山西	33496161030472968874	457.27
2015-01-07 02:26:41	西藏	88550944624842140218	62.08
2015-01-08 15:26:21	河北	87473321589932330254	624.25
2015-01-18 09:47:23	青海	22562705127242572850	297.73
2015-01-15 01:40:08	青海	62972288357973957704	226.62
2015-01-14 16:18:01	吉林	19772301122268044626	30.09
2015-01-07 10:48:17	广东	26157223368639632140	297.35
2015-01-14 11:43:04	重庆	56846462274927491188	876.87
2015-01-01 18:44:20	青海	32765172555357979525	458.36
2015-01-30 10:39:33	河南	33671041782202383797	782.01
2015-01-16 18:48:08	四川	34193319975064727507	573.32
2015-01-02 02:58:29	湖南	38634329681179240563	297.02
2015-01-09 21:59:36	甘肃	71493191317353105658	438.64
2015-01-14 03:15:06	江西	12967114098070641081	513.51
2015-01-29 02:58:44	江西	53011146100252386802	213.07
2015-01-14 00:03:18	青海	78997966889640790712	13.92
2015-01-12 16:06:37	澳门	35202370033948090480	991.14
2015-01-19 05:46:17	河南	52160608187491102142	426.60
2015-01-23 06:19:34	海南	95983208429362896047	671.25
2015-01-16 11:26:53	澳门	91408432543555381182	65.46
2015-01-31 00:33:32	福建	25842706668840325640	328.04
2015-01-06 20:07:29	江苏	96448454124042728845	95.61
2015-01-10 04:03:20	浙江	54254249179154945830	248.34
2015-01-02 06:57:18	重庆	99728807856017960615	866.22
2015-01-17 21:47:13	贵州	42613591910123290485	89.28
2015-01-22 08:58:14	辽宁	36644219849055954178	329.88
2015-01-29 15:05:48	重庆	87578618901686033376	732.31
2015-01-03 20:09:10	山东	13038776615370609641	929.13
2015-01-14 10:16:07	重庆	84273107010976894069	650.05
2015-01-15 07:11:17	湖北	36552723289458593661	729.37
2015-01-16 06:26:39	福建	57856391354830593168	475.35
2015-01-08 22:33:46	浙江	18325935342971435992	740.29
2015-01-14 05:51:14	黑龙江	42460393947380676610	450.94
2015-01-04 20:16:28	安徽	33017385245523030954	316.22
2015-01-16 15:58:08	陕西	11531161161158462689	90.41
2015-01-04 12:53:08	云南	66930617259243618246	682.75
2015-01-04 05:40:53	青海	16877387426715528174	67.70
2015-01-28 03:08:23	海南	62538084179895337585	667.08
2015-01-25 12:41:38	上海	17018886260384646550	275.98
2015-01-16 06:22:55	安徽	24759317039354874715	930.26
2015-01-06 16:57:23	湖北	15234728258568606050	471.20
2015-01-11 23:17:49	广西	26237360306063754288	170.94
2015-01-13 20:21:49	澳门	54260309601364032292	13.96
2015-01-01 02:14:24	黑龙江	25613360521914352933	646.24
2015-01-23 18:41:58	辽宁	58125033161510134067	172.53
2015-01-23 00:02:40	新疆	57597176807582363081	152.66
2015-01-10 17:47:25	福建	20340787874553937750	115.51
2015-01-24 21:46:54	贵州	48801742140244123094	483.79
2015-01-11 21:33:24	江苏	47855037454981445780	448.14
2015-01-28 08:06:48	山西	92988084554410287398	383.22
2015-01-26 00:03:38	山东	51419851920962651443	727.15
2015-01-14 09:09:29	澳门	32977764287683511723	16.03
